c:\users\mikey\skola\bi-pgr\spacebase\debug\vc142.pdb
c:\users\mikey\skola\bi-pgr\spacebase\debug\vc142.idb
c:\users\mikey\skola\bi-pgr\spacebase\debug\spaceship.obj
c:\users\mikey\skola\bi-pgr\spacebase\debug\main.obj
c:\users\mikey\skola\bi-pgr\spacebase\debug\objects.obj
c:\users\mikey\skola\bi-pgr\spacebase\debug\shaderprogram.obj
c:\users\mikey\skola\bi-pgr\spacebase\debug\cube.obj
c:\users\mikey\skola\bi-pgr\spacebase\debug\sceneobject.obj
c:\users\mikey\skola\bi-pgr\spacebase\debug\cameraobject.obj
c:\users\mikey\skola\bi-pgr\spacebase\debug\modeldata.obj
c:\users\mikey\skola\bi-pgr\spacebase\debug\material.obj
c:\users\mikey\skola\bi-pgr\spacebase\debug\lightobject.obj
c:\users\mikey\skola\bi-pgr\spacebase\debug\application.obj
c:\users\mikey\skola\bi-pgr\spacebase\debug\skybox.obj
c:\users\mikey\skola\bi-pgr\spacebase\debug\fog.obj
c:\users\mikey\skola\bi-pgr\spacebase\debug\explosion.obj
c:\users\mikey\skola\bi-pgr\spacebase\debug\spacebase.exe
c:\users\mikey\skola\bi-pgr\spacebase\debug\spacebase.ilk
c:\users\mikey\skola\bi-pgr\spacebase\debug\spacebase.pdb
c:\users\mikey\skola\bi-pgr\spacebase\debug\spacebase.obj
c:\users\mikey\skola\bi-pgr\spacebase\debug\spacebase.tlog\cl.command.1.tlog
c:\users\mikey\skola\bi-pgr\spacebase\debug\spacebase.tlog\cl.read.1.tlog
c:\users\mikey\skola\bi-pgr\spacebase\debug\spacebase.tlog\cl.write.1.tlog
c:\users\mikey\skola\bi-pgr\spacebase\debug\spacebase.tlog\link.command.1.tlog
c:\users\mikey\skola\bi-pgr\spacebase\debug\spacebase.tlog\link.delete.1.tlog
c:\users\mikey\skola\bi-pgr\spacebase\debug\spacebase.tlog\link.read.1.tlog
c:\users\mikey\skola\bi-pgr\spacebase\debug\spacebase.tlog\link.write.1.tlog
